/usr/lib/jvm/java-11-openjdk-amd64/bin/java -javaagent:/home/young/.local/share/JetBrains/Toolbox/apps/IDEA-U/ch-0/202.6948.69/lib/idea_rt.jar=42465:/home/young/.local/share/JetBrains/Toolbox/apps/IDEA-U/ch-0/202.6948.69/bin -Dfile.encoding=UTF-8 -classpath /usr/lib/jvm/java-1.8.0-openjdk-amd64/jre/lib/charsets.jar:/usr/lib/jvm/java-1.8.0-openjdk-amd64/jre/lib/ext/cldrdata.jar:/usr/lib/jvm/java-1.8.0-openjdk-amd64/jre/lib/ext/dnsns.jar:/usr/lib/jvm/java-1.8.0-openjdk-amd64/jre/lib/ext/icedtea-sound.jar:/usr/lib/jvm/java-1.8.0-openjdk-amd64/jre/lib/ext/jaccess.jar:/usr/lib/jvm/java-1.8.0-openjdk-amd64/jre/lib/ext/java-atk-wrapper.jar:/usr/lib/jvm/java-1.8.0-openjdk-amd64/jre/lib/ext/localedata.jar:/usr/lib/jvm/java-1.8.0-openjdk-amd64/jre/lib/ext/nashorn.jar:/usr/lib/jvm/java-1.8.0-openjdk-amd64/jre/lib/ext/sunec.jar:/usr/lib/jvm/java-1.8.0-openjdk-amd64/jre/lib/ext/sunjce_provider.jar:/usr/lib/jvm/java-1.8.0-openjdk-amd64/jre/lib/ext/sunpkcs11.jar:/usr/lib/jvm/java-1.8.0-openjdk-amd64/jre/lib/ext/zipfs.jar:/usr/lib/jvm/java-1.8.0-openjdk-amd64/jre/lib/jce.jar:/usr/lib/jvm/java-1.8.0-openjdk-amd64/jre/lib/jfr.jar:/usr/lib/jvm/java-1.8.0-openjdk-amd64/jre/lib/jsse.jar:/usr/lib/jvm/java-1.8.0-openjdk-amd64/jre/lib/management-agent.jar:/usr/lib/jvm/java-1.8.0-openjdk-amd64/jre/lib/resources.jar:/usr/lib/jvm/java-1.8.0-openjdk-amd64/jre/lib/rt.jar:/media/young/Education/Programs/Java-Programs/Snapshot-Isolation-Checker-Java/target/classes:/home/young/.m2/repository/us/bpsm/edn-java/0.7.1/edn-java-0.7.1.jar:/home/young/.m2/repository/org/jgrapht/jgrapht-core/1.4.0/jgrapht-core-1.4.0.jar:/home/young/.m2/repository/org/jheaps/jheaps/0.11/jheaps-0.11.jar:/home/young/.m2/repository/com/alibaba/fastjson/1.2.75/fastjson-1.2.75.jar MongoDBSIChecker
---------------------------------------------------------------------------------
Checking history for Session-SI at /home/young/Programs/Jepsen-Mongo-Txn/mongodb/store/mongodb wr sharded-cluster w:majority time:120 timeout-txn:30 txn-len:12 r:majority tw:majority tr:snapshot partition/20211127T110339.000Z/history.edn
[INFO] History is valid
Calculation Relation.CommitBefore
Calculation Relation.ReturnBefore
Calculation Relation.ReadFrom
Start Checking Cyclic, n=2695
Count: 2695 Size:2695
The Relation is Session-SI
Cost 993 ms
History Status: [count=2695, okCount=2695, failCount=0, infoCount=0]
---------------------------------------------------------------------------------
Checking history for Session-SI at /home/young/Programs/Jepsen-Mongo-Txn/mongodb/store/mongodb wr sharded-cluster w:majority time:120 timeout-txn:30 txn-len:12 r:majority tw:majority tr:snapshot partition/20211127T110642.000Z/history.edn
[INFO] History is valid
Calculation Relation.CommitBefore
Calculation Relation.ReturnBefore
History Status: [count=2646, okCount=2646, failCount=0, infoCount=0]
---------------------------------------------------------------------------------
Checking history for Session-SI at /home/young/Programs/Jepsen-Mongo-Txn/mongodb/store/mongodb wr sharded-cluster w:majority time:300 timeout-txn:30 txn-len:8 r:majority tw:majority tr:snapshot partition/20211127T103047.000Z/history.edn
java.lang.NullPointerException
	at History.MongoDB.LogicalClock.compareTo(LogicalClock.java:22)
	at Relation.ReturnBefore.calculateRelation(ReturnBefore.java:25)
	at MongoDBSIChecker.checkSI(MongoDBSIChecker.java:35)
	at MongoDBSIChecker.checkAll(MongoDBSIChecker.java:93)
	at MongoDBSIChecker.checkAll(MongoDBSIChecker.java:65)
	at MongoDBSIChecker.main(MongoDBSIChecker.java:134)
[INFO] History is valid
Calculation Relation.CommitBefore
Calculation Relation.ReturnBefore
History Status: [count=10204, okCount=10204, failCount=0, infoCount=0]
---------------------------------------------------------------------------------
Checking history for Realtime-SI at /home/young/Programs/Jepsen-Mongo-Txn/mongodb/store/mongodb wr replica-set w:majority time:60 timeout-txn:10 txn-len:8 r:majority tw:majority tr:snapshot partition/20211127T041705.000Z/history.edn
java.lang.NullPointerException
	at History.MongoDB.LogicalClock.compareTo(LogicalClock.java:22)
	at Relation.ReturnBefore.calculateRelation(ReturnBefore.java:25)
	at MongoDBSIChecker.checkSI(MongoDBSIChecker.java:35)
	at MongoDBSIChecker.checkAll(MongoDBSIChecker.java:93)
	at MongoDBSIChecker.checkAll(MongoDBSIChecker.java:65)
	at MongoDBSIChecker.main(MongoDBSIChecker.java:134)
[INFO] History is valid
Calculation Relation.CommitBefore
Calculation Relation.ReturnBefore
Calculation Relation.ReadFrom
Start Checking Cyclic, n=9880
Count: 9880 Size:9880
The Relation is Realtime-SI
Cost 3052 ms
History Status: [count=9952, okCount=9880, failCount=0, infoCount=72]
---------------------------------------------------------------------------------
Checking history for Realtime-SI at /home/young/Programs/Jepsen-Mongo-Txn/mongodb/store/mongodb wr replica-set w:majority time:60 timeout-txn:10 txn-len:8 r:majority tw:majority tr:snapshot partition/20211127T041946.000Z/history.edn
[INFO] History is valid
Calculation Relation.CommitBefore
Calculation Relation.ReturnBefore
Calculation Relation.ReadFrom
Start Checking Cyclic, n=10448
Count: 10448 Size:10448
The Relation is Realtime-SI
Cost 3241 ms
History Status: [count=10520, okCount=10448, failCount=0, infoCount=72]
---------------------------------------------------------------------------------
Checking history for Realtime-SI at /home/young/Programs/Jepsen-Mongo-Txn/mongodb/store/mongodb wr replica-set w:majority time:60 timeout-txn:10 txn-len:8 r:majority tw:majority tr:snapshot partition/20211127T035931.000Z/history.edn
[INFO] History is valid
Calculation Relation.CommitBefore
Calculation Relation.ReturnBefore
Calculation Relation.ReadFrom
Start Checking Cyclic, n=9678
Count: 9678 Size:9678
The Relation is Realtime-SI
Cost 2654 ms
History Status: [count=9750, okCount=9678, failCount=0, infoCount=72]
---------------------------------------------------------------------------------
Checking history for Realtime-SI at /home/young/Programs/Jepsen-Mongo-Txn/mongodb/store/mongodb wr replica-set w:majority time:60 timeout-txn:10 txn-len:8 r:majority tw:majority tr:snapshot partition/20211127T041416.000Z/history.edn
[INFO] History is valid
Calculation Relation.CommitBefore
Calculation Relation.ReturnBefore
Calculation Relation.ReadFrom
Start Checking Cyclic, n=9616
Count: 9616 Size:9616
The Relation is Realtime-SI
Cost 2678 ms
History Status: [count=9688, okCount=9616, failCount=0, infoCount=72]
---------------------------------------------------------------------------------
Checking history for Realtime-SI at /home/young/Programs/Jepsen-Mongo-Txn/mongodb/store/mongodb wr replica-set w:majority time:60 timeout-txn:10 txn-len:8 r:majority tw:majority tr:snapshot partition/20211127T042107.000Z/history.edn
[INFO] History is valid
Calculation Relation.CommitBefore
Calculation Relation.ReturnBefore
Calculation Relation.ReadFrom
Start Checking Cyclic, n=9534
Count: 9534 Size:9534
The Relation is Realtime-SI
Cost 2564 ms
History Status: [count=9606, okCount=9534, failCount=0, infoCount=72]
---------------------------------------------------------------------------------
Checking history for Realtime-SI at /home/young/Programs/Jepsen-Mongo-Txn/mongodb/store/mongodb wr replica-set w:majority time:60 timeout-txn:10 txn-len:8 r:majority tw:majority tr:snapshot partition/20211127T042349.000Z/history.edn
[INFO] History is valid
Calculation Relation.CommitBefore
Calculation Relation.ReturnBefore
Calculation Relation.ReadFrom
Start Checking Cyclic, n=9687
Count: 9687 Size:9687
The Relation is Realtime-SI
Cost 2568 ms
History Status: [count=9759, okCount=9687, failCount=0, infoCount=72]
---------------------------------------------------------------------------------
Checking history for Realtime-SI at /home/young/Programs/Jepsen-Mongo-Txn/mongodb/store/mongodb wr replica-set w:majority time:60 timeout-txn:10 txn-len:8 r:majority tw:majority tr:snapshot partition/20211127T041826.000Z/history.edn
[INFO] History is valid
Calculation Relation.CommitBefore
Calculation Relation.ReturnBefore
Calculation Relation.ReadFrom
Start Checking Cyclic, n=8858
Count: 8858 Size:8858
The Relation is Realtime-SI
Cost 2217 ms
History Status: [count=8930, okCount=8858, failCount=0, infoCount=72]
---------------------------------------------------------------------------------
Checking history for Realtime-SI at /home/young/Programs/Jepsen-Mongo-Txn/mongodb/store/mongodb wr replica-set w:majority time:60 timeout-txn:10 txn-len:8 r:majority tw:majority tr:snapshot partition/20211127T042228.000Z/history.edn
[INFO] History is valid
Calculation Relation.CommitBefore
Calculation Relation.ReturnBefore
Calculation Relation.ReadFrom
Start Checking Cyclic, n=9809
Count: 9809 Size:9809
The Relation is Realtime-SI
Cost 2584 ms
History Status: [count=9881, okCount=9809, failCount=0, infoCount=72]
---------------------------------------------------------------------------------
Checking history for Realtime-SI at /home/young/Programs/Jepsen-Mongo-Txn/mongodb/store/mongodb wr replica-set w:majority time:60 timeout-txn:10 txn-len:8 r:majority tw:majority tr:snapshot partition/20211127T041252.000Z/history.edn
[INFO] History is valid
Calculation Relation.CommitBefore
Calculation Relation.ReturnBefore
Calculation Relation.ReadFrom
Start Checking Cyclic, n=9634
Count: 9634 Size:9634
The Relation is Realtime-SI
Cost 2367 ms
History Status: [count=9706, okCount=9634, failCount=0, infoCount=72]
---------------------------------------------------------------------------------
Checking history for Realtime-SI at /home/young/Programs/Jepsen-Mongo-Txn/mongodb/store/mongodb wr replica-set w:majority time:60 timeout-txn:10 txn-len:8 r:majority tw:majority tr:snapshot partition/20211127T041540.000Z/history.edn
[INFO] History is valid
Calculation Relation.CommitBefore
Calculation Relation.ReturnBefore
Calculation Relation.ReadFrom
Start Checking Cyclic, n=8496
Count: 8496 Size:8496
The Relation is Realtime-SI
Cost 1974 ms
History Status: [count=8568, okCount=8496, failCount=0, infoCount=72]
---------------------------------------------------------------------------------
Checking history for Realtime-SI at /home/young/Programs/Jepsen-Mongo-Txn/mongodb/store/mongodb wr replica-set w:majority time:60 timeout-txn:10 txn-len:8 r:majority tw:majority tr:snapshot partition/20211127T042513.000Z/history.edn
[INFO] History is valid
Calculation Relation.CommitBefore
Calculation Relation.ReturnBefore
Calculation Relation.ReadFrom
Start Checking Cyclic, n=9824
Count: 9824 Size:9824
The Relation is Realtime-SI
Cost 2593 ms
History Status: [count=9896, okCount=9824, failCount=0, infoCount=72]
---------------------------------------------------------------------------------
Checking history for Session-SI at /home/young/Programs/Jepsen-Mongo-Txn/mongodb/store/mongodb wr sharded-cluster w:majority time:120 timeout-txn:30 txn-len:8 r:majority tw:majority tr:snapshot partition/20211127T100530.000Z/history.edn
[INFO] History is valid
Calculation Relation.CommitBefore
Calculation Relation.ReturnBefore
Calculation Relation.ReadFrom
Start Checking Cyclic, n=4104
Count: 4104 Size:4104
The Relation is Session-SI
Cost 442 ms
History Status: [count=4104, okCount=4104, failCount=0, infoCount=0]
---------------------------------------------------------------------------------
Checking history for Session-SI at /home/young/Programs/Jepsen-Mongo-Txn/mongodb/store/mongodb wr sharded-cluster w:majority time:120 timeout-txn:30 txn-len:8 r:majority tw:majority tr:snapshot partition/20211127T100246.000Z/history.edn
[INFO] History is valid
Calculation Relation.CommitBefore
Calculation Relation.ReturnBefore
Calculation Relation.ReadFrom
Start Checking Cyclic, n=4353
Count: 4353 Size:4353
The Relation is Session-SI
Cost 473 ms
History Status: [count=4353, okCount=4353, failCount=0, infoCount=0]
---------------------------------------------------------------------------------
Checking history for Session-SI at /home/young/Programs/Jepsen-Mongo-Txn/mongodb/store/mongodb wr sharded-cluster w:majority time:120 timeout-txn:30 txn-len:8 r:majority tw:majority tr:snapshot partition/20211127T100010.000Z/history.edn
[INFO] History is valid
Calculation Relation.CommitBefore
Calculation Relation.ReturnBefore
Calculation Relation.ReadFrom
Start Checking Cyclic, n=4108
Count: 4108 Size:4108
The Relation is Session-SI
Cost 456 ms
History Status: [count=4108, okCount=4108, failCount=0, infoCount=0]
---------------------------------------------------------------------------------
Checking history for Session-SI at /home/young/Programs/Jepsen-Mongo-Txn/mongodb/store/mongodb wr sharded-cluster w:majority time:120 timeout-txn:30 txn-len:8 r:majority tw:majority tr:snapshot partition/20211127T101111.000Z/history.edn
[INFO] History is valid
Calculation Relation.CommitBefore
Calculation Relation.ReturnBefore
Calculation Relation.ReadFrom
Start Checking Cyclic, n=4082
Count: 4082 Size:4082
The Relation is Session-SI
Cost 468 ms
History Status: [count=4082, okCount=4082, failCount=0, infoCount=0]
---------------------------------------------------------------------------------
Checking history for Session-SI at /home/young/Programs/Jepsen-Mongo-Txn/mongodb/store/mongodb wr sharded-cluster w:majority time:120 timeout-txn:30 txn-len:8 r:majority tw:majority tr:snapshot partition/20211127T100808.000Z/history.edn
[INFO] History is valid
Calculation Relation.CommitBefore
Calculation Relation.ReturnBefore
Calculation Relation.ReadFrom
Start Checking Cyclic, n=3761
Count: 3761 Size:3761
The Relation is Session-SI
Cost 400 ms
History Status: [count=3761, okCount=3761, failCount=0, infoCount=0]
---------------------------------------------------------------------------------
Checking history for Session-SI at /home/young/Programs/Jepsen-Mongo-Txn/mongodb/store/mongodb wr sharded-cluster w:majority time:120 timeout-txn:30 txn-len:8 r:majority tw:majority tr:snapshot partition/20211127T101350.000Z/history.edn
[INFO] History is valid
Calculation Relation.CommitBefore
Calculation Relation.ReturnBefore
Calculation Relation.ReadFrom
Start Checking Cyclic, n=3713
Count: 3713 Size:3713
The Relation is Session-SI
Cost 381 ms
History Status: [count=3713, okCount=3713, failCount=0, infoCount=0]
---------------------------------------------------------------------------------
Checking history for Session-SI at /home/young/Programs/Jepsen-Mongo-Txn/mongodb/store/mongodb wr sharded-cluster w:majority time:180 timeout-txn:30 txn-len:8 r:majority tw:majority tr:snapshot partition/20211127T101627.000Z/history.edn
[INFO] History is valid
Calculation Relation.CommitBefore
java.lang.NullPointerException
Calculation Relation.ReturnBefore
History Status: [count=6031, okCount=6031, failCount=0, infoCount=0]
---------------------------------------------------------------------------------
Checking history for Realtime-SI at /home/young/Programs/Jepsen-Mongo-Txn/mongodb/store/mongodb wr replica-set w:majority time:120 timeout-txn:10 txn-len:8 r:majority tw:majority tr:snapshot partition/20211127T043833.000Z/history.edn
[INFO] History is valid
Calculation Relation.CommitBefore
Calculation Relation.ReturnBefore
Calculation Relation.ReadFrom
Start Checking Cyclic, n=19271
Count: 19271 Size:19271
The Relation is Realtime-SI
Cost 9897 ms
History Status: [count=19415, okCount=19271, failCount=0, infoCount=144]
---------------------------------------------------------------------------------
Checking history for Realtime-SI at /home/young/Programs/Jepsen-Mongo-Txn/mongodb/store/mongodb wr replica-set w:majority time:120 timeout-txn:10 txn-len:8 r:majority tw:majority tr:snapshot partition/20211127T044058.000Z/history.edn
[INFO] History is valid
Calculation Relation.CommitBefore
Calculation Relation.ReturnBefore
Calculation Relation.ReadFrom
Start Checking Cyclic, n=19748
Count: 19748 Size:19748
The Relation is Realtime-SI
Cost 10145 ms
History Status: [count=19892, okCount=19748, failCount=0, infoCount=144]
---------------------------------------------------------------------------------
Checking history for Realtime-SI at /home/young/Programs/Jepsen-Mongo-Txn/mongodb/store/mongodb wr replica-set w:majority time:120 timeout-txn:10 txn-len:8 r:majority tw:majority tr:snapshot partition/20211127T042858.000Z/history.edn
[INFO] History is valid
Calculation Relation.CommitBefore
Calculation Relation.ReturnBefore
Calculation Relation.ReadFrom
Start Checking Cyclic, n=19048
Count: 19048 Size:19048
The Relation is Realtime-SI
Cost 9140 ms
History Status: [count=19192, okCount=19048, failCount=0, infoCount=144]
---------------------------------------------------------------------------------
Checking history for Realtime-SI at /home/young/Programs/Jepsen-Mongo-Txn/mongodb/store/mongodb wr replica-set w:majority time:120 timeout-txn:10 txn-len:8 r:majority tw:majority tr:snapshot partition/20211127T044808.000Z/history.edn
[INFO] History is valid
Calculation Relation.CommitBefore
Calculation Relation.ReturnBefore
Calculation Relation.ReadFrom
Start Checking Cyclic, n=20145
Count: 20145 Size:20145
The Relation is Realtime-SI
Cost 10739 ms
History Status: [count=20289, okCount=20145, failCount=0, infoCount=144]
---------------------------------------------------------------------------------
Checking history for Realtime-SI at /home/young/Programs/Jepsen-Mongo-Txn/mongodb/store/mongodb wr replica-set w:majority time:120 timeout-txn:10 txn-len:8 r:majority tw:majority tr:snapshot partition/20211127T043610.000Z/history.edn
[INFO] History is valid
Calculation Relation.CommitBefore
Calculation Relation.ReturnBefore
Calculation Relation.ReadFrom
Start Checking Cyclic, n=20445
Count: 20445 Size:20445
The Relation is Realtime-SI
Cost 10958 ms
History Status: [count=20589, okCount=20445, failCount=0, infoCount=144]
---------------------------------------------------------------------------------
Checking history for Realtime-SI at /home/young/Programs/Jepsen-Mongo-Txn/mongodb/store/mongodb wr replica-set w:majority time:120 timeout-txn:10 txn-len:8 r:majority tw:majority tr:snapshot partition/20211127T042633.000Z/history.edn
[INFO] History is valid
Calculation Relation.CommitBefore
Calculation Relation.ReturnBefore
Calculation Relation.ReadFrom
Start Checking Cyclic, n=18407
Count: 18407 Size:18407
The Relation is Realtime-SI
Cost 8837 ms
History Status: [count=18551, okCount=18407, failCount=0, infoCount=144]
---------------------------------------------------------------------------------
Checking history for Realtime-SI at /home/young/Programs/Jepsen-Mongo-Txn/mongodb/store/mongodb wr replica-set w:majority time:120 timeout-txn:10 txn-len:8 r:majority tw:majority tr:snapshot partition/20211127T043344.000Z/history.edn
[INFO] History is valid
Calculation Relation.CommitBefore
Calculation Relation.ReturnBefore
Calculation Relation.ReadFrom
Start Checking Cyclic, n=19521
Count: 19521 Size:19521
The Relation is Realtime-SI
Cost 10025 ms
History Status: [count=19665, okCount=19521, failCount=0, infoCount=144]
---------------------------------------------------------------------------------
Checking history for Realtime-SI at /home/young/Programs/Jepsen-Mongo-Txn/mongodb/store/mongodb wr replica-set w:majority time:120 timeout-txn:10 txn-len:8 r:majority tw:majority tr:snapshot partition/20211127T044545.000Z/history.edn
[INFO] History is valid
Calculation Relation.CommitBefore
Calculation Relation.ReturnBefore
Calculation Relation.ReadFrom
Start Checking Cyclic, n=18513
Count: 18513 Size:18513
The Relation is Realtime-SI
Cost 8918 ms
History Status: [count=18657, okCount=18513, failCount=0, infoCount=144]
---------------------------------------------------------------------------------
Checking history for Realtime-SI at /home/young/Programs/Jepsen-Mongo-Txn/mongodb/store/mongodb wr replica-set w:majority time:120 timeout-txn:10 txn-len:8 r:majority tw:majority tr:snapshot partition/20211127T044321.000Z/history.edn
[INFO] History is valid
Calculation Relation.CommitBefore
Calculation Relation.ReturnBefore
Calculation Relation.ReadFrom
Start Checking Cyclic, n=20142
Count: 20142 Size:20142
The Relation is Realtime-SI
Cost 10704 ms
History Status: [count=20286, okCount=20142, failCount=0, infoCount=144]
---------------------------------------------------------------------------------
Checking history for Realtime-SI at /home/young/Programs/Jepsen-Mongo-Txn/mongodb/store/mongodb wr replica-set w:majority time:120 timeout-txn:10 txn-len:8 r:majority tw:majority tr:snapshot partition/20211127T043121.000Z/history.edn
[INFO] History is valid
Calculation Relation.CommitBefore
Calculation Relation.ReturnBefore
Calculation Relation.ReadFrom
Start Checking Cyclic, n=19922
Count: 19922 Size:19922
The Relation is Realtime-SI
Cost 10528 ms
History Status: [count=20066, okCount=19922, failCount=0, infoCount=144]
---------------------------------------------------------------------------------
Checking history for Session-SI at /home/young/Programs/Jepsen-Mongo-Txn/mongodb/store/mongodb wr sharded-cluster w:majority time:240 timeout-txn:30 txn-len:8 r:majority tw:majority tr:snapshot partition/20211127T102600.000Z/history.edn
[INFO] History is valid
Calculation Relation.CommitBefore
Calculation Relation.ReturnBefore
Calculation Relation.ReadFrom
Start Checking Cyclic, n=7872
Count: 7872 Size:7872
The Relation is Session-SI
Cost 1595 ms
History Status: [count=7872, okCount=7872, failCount=0, infoCount=0]
---------------------------------------------------------------------------------
Checking history for Session-SI at /home/young/Programs/Jepsen-Mongo-Txn/mongodb/store/mongodb wr sharded-cluster w:majority time:240 timeout-txn:30 txn-len:8 r:majority tw:majority tr:snapshot partition/20211127T102034.000Z/history.edn
[INFO] History is valid
Calculation Relation.CommitBefore
Calculation Relation.ReturnBefore
History Status: [count=7859, okCount=7859, failCount=0, infoCount=0]
---------------------------------------------------------------------------------
Checking history for Realtime-SI at /home/young/Programs/Jepsen-Mongo-Txn/mongodb/store/mongodb wr replica-set w:majority time:180 timeout-txn:10 txn-len:12 r:majority tw:majority tr:snapshot partition/20211127T081105.000Z/history.edn
java.lang.NullPointerException
[INFO] History is valid
Calculation Relation.CommitBefore
Calculation Relation.ReturnBefore
Calculation Relation.ReadFrom
Start Checking Cyclic, n=22699
Count: 22699 Size:22699
The Relation is Realtime-SI
Cost 14521 ms
History Status: [count=22915, okCount=22699, failCount=0, infoCount=216]
---------------------------------------------------------------------------------
Checking history for Realtime-SI at /home/young/Programs/Jepsen-Mongo-Txn/mongodb/store/mongodb wr replica-set w:majority time:180 timeout-txn:10 txn-len:12 r:majority tw:majority tr:snapshot partition/20211127T080407.000Z/history.edn
[INFO] History is valid
Calculation Relation.CommitBefore
Calculation Relation.ReturnBefore
Calculation Relation.ReadFrom
Start Checking Cyclic, n=24620
Count: 24620 Size:24620
The Relation is Realtime-SI
Cost 17142 ms
History Status: [count=24836, okCount=24620, failCount=0, infoCount=216]
---------------------------------------------------------------------------------
Checking history for Realtime-SI at /home/young/Programs/Jepsen-Mongo-Txn/mongodb/store/mongodb wr replica-set w:majority time:180 timeout-txn:10 txn-len:12 r:majority tw:majority tr:snapshot partition/20211127T075007.000Z/history.edn
[INFO] History is valid
Calculation Relation.CommitBefore
Calculation Relation.ReturnBefore
Calculation Relation.ReadFrom
Start Checking Cyclic, n=22893
Count: 22893 Size:22893
The Relation is Realtime-SI
Cost 14040 ms
History Status: [count=23109, okCount=22893, failCount=0, infoCount=216]
---------------------------------------------------------------------------------
Checking history for Realtime-SI at /home/young/Programs/Jepsen-Mongo-Txn/mongodb/store/mongodb wr replica-set w:majority time:180 timeout-txn:10 txn-len:12 r:majority tw:majority tr:snapshot partition/20211127T080039.000Z/history.edn
[INFO] History is valid
Calculation Relation.CommitBefore
Calculation Relation.ReturnBefore
Calculation Relation.ReadFrom
Start Checking Cyclic, n=25543
Count: 25543 Size:25543
The Relation is Realtime-SI
Cost 18604 ms
History Status: [count=25759, okCount=25543, failCount=0, infoCount=216]
---------------------------------------------------------------------------------
Checking history for Realtime-SI at /home/young/Programs/Jepsen-Mongo-Txn/mongodb/store/mongodb wr replica-set w:majority time:180 timeout-txn:10 txn-len:12 r:majority tw:majority tr:snapshot partition/20211127T074315.000Z/history.edn
[INFO] History is valid
Calculation Relation.CommitBefore
Calculation Relation.ReturnBefore
Calculation Relation.ReadFrom
Start Checking Cyclic, n=23443
Count: 23443 Size:23443
The Relation is Realtime-SI
Cost 15109 ms
History Status: [count=23659, okCount=23443, failCount=0, infoCount=216]
---------------------------------------------------------------------------------
Checking history for Realtime-SI at /home/young/Programs/Jepsen-Mongo-Txn/mongodb/store/mongodb wr replica-set w:majority time:180 timeout-txn:10 txn-len:12 r:majority tw:majority tr:snapshot partition/20211127T075701.000Z/history.edn
[INFO] History is valid
Calculation Relation.CommitBefore
Calculation Relation.ReturnBefore
History Status: [count=24838, okCount=24622, failCount=0, infoCount=216]
---------------------------------------------------------------------------------
Checking history for Realtime-SI at /home/young/Programs/Jepsen-Mongo-Txn/mongodb/store/mongodb wr replica-set w:majority time:180 timeout-txn:10 txn-len:12 r:majority tw:majority tr:snapshot partition/20211127T080738.000Z/history.edn
java.lang.NullPointerException
[INFO] History is valid
Calculation Relation.CommitBefore
Calculation Relation.ReturnBefore
Calculation Relation.ReadFrom
Start Checking Cyclic, n=23844
Count: 23844 Size:23844
The Relation is Realtime-SI
Cost 16178 ms
History Status: [count=24060, okCount=23844, failCount=0, infoCount=216]
---------------------------------------------------------------------------------
Checking history for Realtime-SI at /home/young/Programs/Jepsen-Mongo-Txn/mongodb/store/mongodb wr replica-set w:majority time:180 timeout-txn:10 txn-len:12 r:majority tw:majority tr:snapshot partition/20211127T074641.000Z/history.edn
[INFO] History is valid
Calculation Relation.CommitBefore
Calculation Relation.ReturnBefore
Calculation Relation.ReadFrom
Start Checking Cyclic, n=23807
Count: 23807 Size:23807
The Relation is Realtime-SI
Cost 15771 ms
History Status: [count=24023, okCount=23807, failCount=0, infoCount=216]
---------------------------------------------------------------------------------
Checking history for Realtime-SI at /home/young/Programs/Jepsen-Mongo-Txn/mongodb/store/mongodb wr replica-set w:majority time:180 timeout-txn:10 txn-len:12 r:majority tw:majority tr:snapshot partition/20211127T075334.000Z/history.edn
[INFO] History is valid
Calculation Relation.CommitBefore
Calculation Relation.ReturnBefore
Calculation Relation.ReadFrom
Start Checking Cyclic, n=22401
Count: 22401 Size:22401
The Relation is Realtime-SI
Cost 13721 ms
History Status: [count=22617, okCount=22401, failCount=0, infoCount=216]
---------------------------------------------------------------------------------
Checking history for Session-SI at /home/young/Programs/Jepsen-Mongo-Txn/mongodb/store/mongodb wr sharded-cluster w:majority time:60 timeout-txn:30 txn-len:12 r:majority tw:majority tr:snapshot partition/20211127T105751.000Z/history.edn
[INFO] History is valid
Calculation Relation.CommitBefore
Calculation Relation.ReturnBefore
Calculation Relation.ReadFrom
Start Checking Cyclic, n=1320
Count: 1320 Size:1320
The Relation is Session-SI
Cost 54 ms
History Status: [count=1320, okCount=1320, failCount=0, infoCount=0]
---------------------------------------------------------------------------------
Checking history for Session-SI at /home/young/Programs/Jepsen-Mongo-Txn/mongodb/store/mongodb wr sharded-cluster w:majority time:60 timeout-txn:30 txn-len:12 r:majority tw:majority tr:snapshot partition/20211127T105930.000Z/history.edn
[INFO] History is valid
Calculation Relation.CommitBefore
Calculation Relation.ReturnBefore
Calculation Relation.ReadFrom
Start Checking Cyclic, n=1276
Count: 1276 Size:1276
The Relation is Session-SI
Cost 64 ms
History Status: [count=1276, okCount=1276, failCount=0, infoCount=0]
---------------------------------------------------------------------------------
Checking history for Session-SI at /home/young/Programs/Jepsen-Mongo-Txn/mongodb/store/mongodb wr sharded-cluster w:majority time:60 timeout-txn:30 txn-len:12 r:majority tw:majority tr:snapshot partition/20211127T110133.000Z/history.edn
[INFO] History is valid
Calculation Relation.CommitBefore
Calculation Relation.ReturnBefore
Calculation Relation.ReadFrom
Start Checking Cyclic, n=1332
Count: 1332 Size:1332
The Relation is Session-SI
Cost 56 ms
History Status: [count=1332, okCount=1332, failCount=0, infoCount=0]
---------------------------------------------------------------------------------
Checking history for Realtime-SI at /home/young/Programs/Jepsen-Mongo-Txn/mongodb/store/mongodb wr replica-set w:majority time:120 timeout-txn:10 txn-len:12 r:majority tw:majority tr:snapshot partition/20211127T074052.000Z/history.edn
[INFO] History is valid
Calculation Relation.CommitBefore
Calculation Relation.ReturnBefore
Calculation Relation.ReadFrom
Start Checking Cyclic, n=16026
Count: 16026 Size:16026
The Relation is Realtime-SI
Cost 6651 ms
History Status: [count=16170, okCount=16026, failCount=0, infoCount=144]
---------------------------------------------------------------------------------
Checking history for Realtime-SI at /home/young/Programs/Jepsen-Mongo-Txn/mongodb/store/mongodb wr replica-set w:majority time:120 timeout-txn:10 txn-len:12 r:majority tw:majority tr:snapshot partition/20211127T073116.000Z/history.edn
[INFO] History is valid
Calculation Relation.CommitBefore
Calculation Relation.ReturnBefore
Calculation Relation.ReadFrom
Start Checking Cyclic, n=15686
Count: 15686 Size:15686
The Relation is Realtime-SI
Cost 6496 ms
History Status: [count=15830, okCount=15686, failCount=0, infoCount=144]
---------------------------------------------------------------------------------
Checking history for Realtime-SI at /home/young/Programs/Jepsen-Mongo-Txn/mongodb/store/mongodb wr replica-set w:majority time:120 timeout-txn:10 txn-len:12 r:majority tw:majority tr:snapshot partition/20211127T073339.000Z/history.edn
[INFO] History is valid
Calculation Relation.CommitBefore
Calculation Relation.ReturnBefore
Calculation Relation.ReadFrom
Start Checking Cyclic, n=15140
Count: 15140 Size:15140
The Relation is Realtime-SI
Cost 5971 ms
History Status: [count=15284, okCount=15140, failCount=0, infoCount=144]
---------------------------------------------------------------------------------
Checking history for Realtime-SI at /home/young/Programs/Jepsen-Mongo-Txn/mongodb/store/mongodb wr replica-set w:majority time:120 timeout-txn:10 txn-len:12 r:majority tw:majority tr:snapshot partition/20211127T072851.000Z/history.edn
[INFO] History is valid
Calculation Relation.CommitBefore
Calculation Relation.ReturnBefore
Calculation Relation.ReadFrom
Start Checking Cyclic, n=15117
Count: 15117 Size:15117
The Relation is Realtime-SI
Cost 6057 ms
History Status: [count=15261, okCount=15117, failCount=0, infoCount=144]
---------------------------------------------------------------------------------
Checking history for Realtime-SI at /home/young/Programs/Jepsen-Mongo-Txn/mongodb/store/mongodb wr replica-set w:majority time:120 timeout-txn:10 txn-len:12 r:majority tw:majority tr:snapshot partition/20211127T072403.000Z/history.edn
[INFO] History is valid
Calculation Relation.CommitBefore
Calculation Relation.ReturnBefore
Calculation Relation.ReadFrom
Start Checking Cyclic, n=14978
Count: 14978 Size:14978
The Relation is Realtime-SI
Cost 5926 ms
History Status: [count=15122, okCount=14978, failCount=0, infoCount=144]
---------------------------------------------------------------------------------
Checking history for Realtime-SI at /home/young/Programs/Jepsen-Mongo-Txn/mongodb/store/mongodb wr replica-set w:majority time:120 timeout-txn:10 txn-len:12 r:majority tw:majority tr:snapshot partition/20211127T073829.000Z/history.edn
[INFO] History is valid
Calculation Relation.CommitBefore
Calculation Relation.ReturnBefore
Calculation Relation.ReadFrom
Start Checking Cyclic, n=15331
Count: 15331 Size:15331
The Relation is Realtime-SI
Cost 6258 ms
History Status: [count=15475, okCount=15331, failCount=0, infoCount=144]
---------------------------------------------------------------------------------
Checking history for Realtime-SI at /home/young/Programs/Jepsen-Mongo-Txn/mongodb/store/mongodb wr replica-set w:majority time:120 timeout-txn:10 txn-len:12 r:majority tw:majority tr:snapshot partition/20211127T073603.000Z/history.edn
[INFO] History is valid
Calculation Relation.CommitBefore
Calculation Relation.ReturnBefore
Calculation Relation.ReadFrom
Start Checking Cyclic, n=15157
Count: 15157 Size:15157
The Relation is Realtime-SI
Cost 6082 ms
History Status: [count=15301, okCount=15157, failCount=0, infoCount=144]
---------------------------------------------------------------------------------
Checking history for Realtime-SI at /home/young/Programs/Jepsen-Mongo-Txn/mongodb/store/mongodb wr replica-set w:majority time:120 timeout-txn:10 txn-len:12 r:majority tw:majority tr:snapshot partition/20211127T071915.000Z/history.edn
[INFO] History is valid
Calculation Relation.CommitBefore
Calculation Relation.ReturnBefore
Calculation Relation.ReadFrom
Start Checking Cyclic, n=15414
Count: 15414 Size:15414
The Relation is Realtime-SI
Cost 6257 ms
History Status: [count=15558, okCount=15414, failCount=0, infoCount=144]
---------------------------------------------------------------------------------
Checking history for Realtime-SI at /home/young/Programs/Jepsen-Mongo-Txn/mongodb/store/mongodb wr replica-set w:majority time:120 timeout-txn:10 txn-len:12 r:majority tw:majority tr:snapshot partition/20211127T072626.000Z/history.edn
[INFO] History is valid
Calculation Relation.CommitBefore
Calculation Relation.ReturnBefore
Calculation Relation.ReadFrom
Start Checking Cyclic, n=14719
Count: 14719 Size:14719
The Relation is Realtime-SI
Cost 5699 ms
History Status: [count=14863, okCount=14719, failCount=0, infoCount=144]
---------------------------------------------------------------------------------
Checking history for Realtime-SI at /home/young/Programs/Jepsen-Mongo-Txn/mongodb/store/mongodb wr replica-set w:majority time:120 timeout-txn:10 txn-len:12 r:majority tw:majority tr:snapshot partition/20211127T072140.000Z/history.edn
[INFO] History is valid
Calculation Relation.CommitBefore
Calculation Relation.ReturnBefore
Calculation Relation.ReadFrom
Start Checking Cyclic, n=15257
Count: 15257 Size:15257
The Relation is Realtime-SI
Cost 6117 ms
History Status: [count=15401, okCount=15257, failCount=0, infoCount=144]
---------------------------------------------------------------------------------
Checking history for Session-SI at /home/young/Programs/Jepsen-Mongo-Txn/mongodb/store/mongodb wr sharded-cluster w:majority time:240 timeout-txn:30 txn-len:12 r:majority tw:majority tr:snapshot partition/20211127T112141.000Z/history.edn
[INFO] History is valid
Calculation Relation.CommitBefore
Calculation Relation.ReturnBefore
Calculation Relation.ReadFrom
Start Checking Cyclic, n=5428
Count: 5428 Size:5428
The Relation is Session-SI
Cost 855 ms
History Status: [count=5428, okCount=5428, failCount=0, infoCount=0]
---------------------------------------------------------------------------------
Checking history for Session-SI at /home/young/Programs/Jepsen-Mongo-Txn/mongodb/store/mongodb wr sharded-cluster w:majority time:240 timeout-txn:30 txn-len:12 r:majority tw:majority tr:snapshot partition/20211127T112622.000Z/history.edn
[INFO] History is valid
Calculation Relation.CommitBefore
Calculation Relation.ReturnBefore
Calculation Relation.ReadFrom
Start Checking Cyclic, n=5682
Count: 5682 Size:5682
The Relation is Session-SI
Cost 884 ms
History Status: [count=5682, okCount=5682, failCount=0, infoCount=0]
---------------------------------------------------------------------------------
Checking history for Realtime-SI at /home/young/Programs/Jepsen-Mongo-Txn/mongodb/store/mongodb wr replica-set w:majority time:60 timeout-txn:10 txn-len:12 r:majority tw:majority tr:snapshot partition/20211127T071629.000Z/history.edn
[INFO] History is valid
Calculation Relation.CommitBefore
Calculation Relation.ReturnBefore
Calculation Relation.ReadFrom
Start Checking Cyclic, n=8653
Count: 8653 Size:8653
The Relation is Realtime-SI
Cost 1964 ms
History Status: [count=8725, okCount=8653, failCount=0, infoCount=72]
---------------------------------------------------------------------------------
Checking history for Realtime-SI at /home/young/Programs/Jepsen-Mongo-Txn/mongodb/store/mongodb wr replica-set w:majority time:60 timeout-txn:10 txn-len:12 r:majority tw:majority tr:snapshot partition/20211127T070701.000Z/history.edn
[INFO] History is valid
Calculation Relation.CommitBefore
Calculation Relation.ReturnBefore
Calculation Relation.ReadFrom
Start Checking Cyclic, n=7735
Count: 7735 Size:7735
The Relation is Realtime-SI
Cost 1609 ms
History Status: [count=7807, okCount=7735, failCount=0, infoCount=72]
---------------------------------------------------------------------------------
Checking history for Realtime-SI at /home/young/Programs/Jepsen-Mongo-Txn/mongodb/store/mongodb wr replica-set w:majority time:60 timeout-txn:10 txn-len:12 r:majority tw:majority tr:snapshot partition/20211127T070540.000Z/history.edn
[INFO] History is valid
Calculation Relation.CommitBefore
Calculation Relation.ReturnBefore
Calculation Relation.ReadFrom
Start Checking Cyclic, n=7464
Count: 7464 Size:7464
The Relation is Realtime-SI
Cost 1499 ms
History Status: [count=7536, okCount=7464, failCount=0, infoCount=72]
---------------------------------------------------------------------------------
Checking history for Realtime-SI at /home/young/Programs/Jepsen-Mongo-Txn/mongodb/store/mongodb wr replica-set w:majority time:60 timeout-txn:10 txn-len:12 r:majority tw:majority tr:snapshot partition/20211127T071227.000Z/history.edn
[INFO] History is valid
Calculation Relation.CommitBefore
Calculation Relation.ReturnBefore
Calculation Relation.ReadFrom
Start Checking Cyclic, n=7312
Count: 7312 Size:7312
The Relation is Realtime-SI
Cost 1419 ms
History Status: [count=7384, okCount=7312, failCount=0, infoCount=72]
---------------------------------------------------------------------------------
Checking history for Realtime-SI at /home/young/Programs/Jepsen-Mongo-Txn/mongodb/store/mongodb wr replica-set w:majority time:60 timeout-txn:10 txn-len:12 r:majority tw:majority tr:snapshot partition/20211127T071105.000Z/history.edn
[INFO] History is valid
Calculation Relation.CommitBefore
Calculation Relation.ReturnBefore
Calculation Relation.ReadFrom
Start Checking Cyclic, n=7559
Count: 7559 Size:7559
The Relation is Realtime-SI
Cost 1571 ms
History Status: [count=7631, okCount=7559, failCount=0, infoCount=72]
---------------------------------------------------------------------------------
Checking history for Realtime-SI at /home/young/Programs/Jepsen-Mongo-Txn/mongodb/store/mongodb wr replica-set w:majority time:60 timeout-txn:10 txn-len:12 r:majority tw:majority tr:snapshot partition/20211127T071347.000Z/history.edn
[INFO] History is valid
Calculation Relation.CommitBefore
Calculation Relation.ReturnBefore
Calculation Relation.ReadFrom
Start Checking Cyclic, n=7638
Count: 7638 Size:7638
The Relation is Realtime-SI
Cost 1589 ms
History Status: [count=7710, okCount=7638, failCount=0, infoCount=72]
---------------------------------------------------------------------------------
Checking history for Realtime-SI at /home/young/Programs/Jepsen-Mongo-Txn/mongodb/store/mongodb wr replica-set w:majority time:60 timeout-txn:10 txn-len:12 r:majority tw:majority tr:snapshot partition/20211127T071508.000Z/history.edn
[INFO] History is valid
Calculation Relation.CommitBefore
Calculation Relation.ReturnBefore
Calculation Relation.ReadFrom
Start Checking Cyclic, n=7934
Count: 7934 Size:7934
The Relation is Realtime-SI
Cost 1717 ms
History Status: [count=8006, okCount=7934, failCount=0, infoCount=72]
---------------------------------------------------------------------------------
Checking history for Realtime-SI at /home/young/Programs/Jepsen-Mongo-Txn/mongodb/store/mongodb wr replica-set w:majority time:60 timeout-txn:10 txn-len:12 r:majority tw:majority tr:snapshot partition/20211127T070823.000Z/history.edn
[INFO] History is valid
Calculation Relation.CommitBefore
Calculation Relation.ReturnBefore
Calculation Relation.ReadFrom
Start Checking Cyclic, n=7790
Count: 7790 Size:7790
The Relation is Realtime-SI
Cost 1640 ms
History Status: [count=7862, okCount=7790, failCount=0, infoCount=72]
---------------------------------------------------------------------------------
Checking history for Realtime-SI at /home/young/Programs/Jepsen-Mongo-Txn/mongodb/store/mongodb wr replica-set w:majority time:60 timeout-txn:10 txn-len:12 r:majority tw:majority tr:snapshot partition/20211127T070944.000Z/history.edn
[INFO] History is valid
Calculation Relation.CommitBefore
Calculation Relation.ReturnBefore
Calculation Relation.ReadFrom
Start Checking Cyclic, n=7574
Count: 7574 Size:7574
The Relation is Realtime-SI
Cost 1573 ms
History Status: [count=7646, okCount=7574, failCount=0, infoCount=72]
---------------------------------------------------------------------------------
Checking history for Realtime-SI at /home/young/Programs/Jepsen-Mongo-Txn/mongodb/store/mongodb wr replica-set w:majority time:60 timeout-txn:10 txn-len:12 r:majority tw:majority tr:snapshot partition/20211127T071753.000Z/history.edn
[INFO] History is valid
Calculation Relation.CommitBefore
Calculation Relation.ReturnBefore
Calculation Relation.ReadFrom
Start Checking Cyclic, n=7690
Count: 7690 Size:7690
The Relation is Realtime-SI
Cost 1609 ms
History Status: [count=7762, okCount=7690, failCount=0, infoCount=72]
---------------------------------------------------------------------------------
Checking history for Realtime-SI at /home/young/Programs/Jepsen-Mongo-Txn/mongodb/store/mongodb wr replica-set w:majority time:240 timeout-txn:10 txn-len:12 r:majority tw:majority tr:snapshot partition/20211127T084606.000Z/history.edn
[INFO] History is valid
Calculation Relation.CommitBefore
Calculation Relation.ReturnBefore
Calculation Relation.ReadFrom
Start Checking Cyclic, n=30567
Count: 30567 Size:30567
The Relation is Realtime-SI
Cost 30513 ms
History Status: [count=30855, okCount=30567, failCount=0, infoCount=288]
---------------------------------------------------------------------------------
Checking history for Realtime-SI at /home/young/Programs/Jepsen-Mongo-Txn/mongodb/store/mongodb wr replica-set w:majority time:240 timeout-txn:10 txn-len:12 r:majority tw:majority tr:snapshot partition/20211127T084136.000Z/history.edn
[INFO] History is valid
Calculation Relation.CommitBefore
Calculation Relation.ReturnBefore
Calculation Relation.ReadFrom
Start Checking Cyclic, n=29416
Count: 29416 Size:29416
The Relation is Realtime-SI
Cost 26355 ms
History Status: [count=29704, okCount=29416, failCount=0, infoCount=288]
---------------------------------------------------------------------------------
Checking history for Realtime-SI at /home/young/Programs/Jepsen-Mongo-Txn/mongodb/store/mongodb wr replica-set w:majority time:240 timeout-txn:10 txn-len:12 r:majority tw:majority tr:snapshot partition/20211127T083235.000Z/history.edn
[INFO] History is valid
Calculation Relation.CommitBefore
Calculation Relation.ReturnBefore
Calculation Relation.ReadFrom
Start Checking Cyclic, n=32212
Count: 32212 Size:32212
The Relation is Realtime-SI
Cost 33439 ms
History Status: [count=32500, okCount=32212, failCount=0, infoCount=288]
---------------------------------------------------------------------------------
Checking history for Realtime-SI at /home/young/Programs/Jepsen-Mongo-Txn/mongodb/store/mongodb wr replica-set w:majority time:240 timeout-txn:10 txn-len:12 r:majority tw:majority tr:snapshot partition/20211127T082334.000Z/history.edn
[INFO] History is valid
Calculation Relation.CommitBefore
Calculation Relation.ReturnBefore
Calculation Relation.ReadFrom
Start Checking Cyclic, n=30833
Count: 30833 Size:30833
The Relation is Realtime-SI
Cost 31203 ms
History Status: [count=31121, okCount=30833, failCount=0, infoCount=288]
---------------------------------------------------------------------------------
Checking history for Realtime-SI at /home/young/Programs/Jepsen-Mongo-Txn/mongodb/store/mongodb wr replica-set w:majority time:240 timeout-txn:10 txn-len:12 r:majority tw:majority tr:snapshot partition/20211127T081434.000Z/history.edn
[INFO] History is valid
Calculation Relation.CommitBefore
Calculation Relation.ReturnBefore
Calculation Relation.ReadFrom
Start Checking Cyclic, n=29534
Count: 29534 Size:29534
The Relation is Realtime-SI
Cost 27756 ms
History Status: [count=29822, okCount=29534, failCount=0, infoCount=288]
---------------------------------------------------------------------------------
Checking history for Realtime-SI at /home/young/Programs/Jepsen-Mongo-Txn/mongodb/store/mongodb wr replica-set w:majority time:240 timeout-txn:10 txn-len:12 r:majority tw:majority tr:snapshot partition/20211127T081905.000Z/history.edn
[INFO] History is valid
Calculation Relation.CommitBefore
Calculation Relation.ReturnBefore
Calculation Relation.ReadFrom
Start Checking Cyclic, n=31128
Count: 31128 Size:31128
The Relation is Realtime-SI
Cost 30754 ms
History Status: [count=31416, okCount=31128, failCount=0, infoCount=288]
---------------------------------------------------------------------------------
Checking history for Realtime-SI at /home/young/Programs/Jepsen-Mongo-Txn/mongodb/store/mongodb wr replica-set w:majority time:240 timeout-txn:10 txn-len:12 r:majority tw:majority tr:snapshot partition/20211127T082806.000Z/history.edn
[INFO] History is valid
Calculation Relation.CommitBefore
Calculation Relation.ReturnBefore
Calculation Relation.ReadFrom
Start Checking Cyclic, n=28970
Count: 28970 Size:28970
The Relation is Realtime-SI
Cost 25574 ms
History Status: [count=29258, okCount=28970, failCount=0, infoCount=288]
---------------------------------------------------------------------------------
Checking history for Realtime-SI at /home/young/Programs/Jepsen-Mongo-Txn/mongodb/store/mongodb wr replica-set w:majority time:240 timeout-txn:10 txn-len:12 r:majority tw:majority tr:snapshot partition/20211127T085507.000Z/history.edn
[INFO] History is valid
Calculation Relation.CommitBefore
Calculation Relation.ReturnBefore
Calculation Relation.ReadFrom
Start Checking Cyclic, n=29972
Count: 29972 Size:29972
The Relation is Realtime-SI
Cost 27973 ms
History Status: [count=30260, okCount=29972, failCount=0, infoCount=288]
---------------------------------------------------------------------------------
Checking history for Realtime-SI at /home/young/Programs/Jepsen-Mongo-Txn/mongodb/store/mongodb wr replica-set w:majority time:240 timeout-txn:10 txn-len:12 r:majority tw:majority tr:snapshot partition/20211127T085037.000Z/history.edn
[INFO] History is valid
Calculation Relation.CommitBefore
Calculation Relation.ReturnBefore
Calculation Relation.ReadFrom
Start Checking Cyclic, n=30307
Count: 30307 Size:30307
The Relation is Realtime-SI
Cost 27943 ms
History Status: [count=30595, okCount=30307, failCount=0, infoCount=288]
---------------------------------------------------------------------------------
Checking history for Realtime-SI at /home/young/Programs/Jepsen-Mongo-Txn/mongodb/store/mongodb wr replica-set w:majority time:240 timeout-txn:10 txn-len:12 r:majority tw:majority tr:snapshot partition/20211127T083704.000Z/history.edn
[INFO] History is valid
Calculation Relation.CommitBefore
Calculation Relation.ReturnBefore
Calculation Relation.ReadFrom
Start Checking Cyclic, n=32108
Count: 32108 Size:32108
The Relation is Realtime-SI
Cost 32256 ms
History Status: [count=32396, okCount=32108, failCount=0, infoCount=288]
---------------------------------------------------------------------------------
Checking history for Realtime-SI at /home/young/Programs/Jepsen-Mongo-Txn/mongodb/store/mongodb wr replica-set w:majority time:180 timeout-txn:10 txn-len:8 r:majority tw:majority tr:snapshot partition/20211127T052137.000Z/history.edn
[INFO] History is valid
Calculation Relation.CommitBefore
Calculation Relation.ReturnBefore
Calculation Relation.ReadFrom
Start Checking Cyclic, n=29717
Count: 29717 Size:29717
The Relation is Realtime-SI
Cost 26390 ms
History Status: [count=29933, okCount=29717, failCount=0, infoCount=216]
---------------------------------------------------------------------------------
Checking history for Realtime-SI at /home/young/Programs/Jepsen-Mongo-Txn/mongodb/store/mongodb wr replica-set w:majority time:180 timeout-txn:10 txn-len:8 r:majority tw:majority tr:snapshot partition/20211127T045035.000Z/history.edn
[INFO] History is valid
Calculation Relation.CommitBefore
Calculation Relation.ReturnBefore
Calculation Relation.ReadFrom
Start Checking Cyclic, n=30132
Count: 30132 Size:30132
The Relation is Realtime-SI
Cost 27211 ms
History Status: [count=30348, okCount=30132, failCount=0, infoCount=216]
---------------------------------------------------------------------------------
Checking history for Realtime-SI at /home/young/Programs/Jepsen-Mongo-Txn/mongodb/store/mongodb wr replica-set w:majority time:180 timeout-txn:10 txn-len:8 r:majority tw:majority tr:snapshot partition/20211127T045731.000Z/history.edn
[INFO] History is valid
Calculation Relation.CommitBefore
Calculation Relation.ReturnBefore
Calculation Relation.ReadFrom
Start Checking Cyclic, n=31311
Count: 31311 Size:31311
The Relation is Realtime-SI
Cost 29843 ms
History Status: [count=31527, okCount=31311, failCount=0, infoCount=216]
---------------------------------------------------------------------------------
Checking history for Realtime-SI at /home/young/Programs/Jepsen-Mongo-Txn/mongodb/store/mongodb wr replica-set w:majority time:180 timeout-txn:10 txn-len:8 r:majority tw:majority tr:snapshot partition/20211127T050425.000Z/history.edn
[INFO] History is valid
Calculation Relation.CommitBefore
Calculation Relation.ReturnBefore
Calculation Relation.ReadFrom
Start Checking Cyclic, n=30396
Count: 30396 Size:30396
The Relation is Realtime-SI
Cost 28651 ms
History Status: [count=30612, okCount=30396, failCount=0, infoCount=216]
---------------------------------------------------------------------------------
Checking history for Realtime-SI at /home/young/Programs/Jepsen-Mongo-Txn/mongodb/store/mongodb wr replica-set w:majority time:180 timeout-txn:10 txn-len:8 r:majority tw:majority tr:snapshot partition/20211127T050058.000Z/history.edn
[INFO] History is valid
Calculation Relation.CommitBefore
Calculation Relation.ReturnBefore
Calculation Relation.ReadFrom
Start Checking Cyclic, n=29012
Count: 29012 Size:29012
The Relation is Realtime-SI
Cost 24739 ms
History Status: [count=29228, okCount=29012, failCount=0, infoCount=216]
---------------------------------------------------------------------------------
Checking history for Realtime-SI at /home/young/Programs/Jepsen-Mongo-Txn/mongodb/store/mongodb wr replica-set w:majority time:180 timeout-txn:10 txn-len:8 r:majority tw:majority tr:snapshot partition/20211127T045402.000Z/history.edn
[INFO] History is valid
Calculation Relation.CommitBefore
Calculation Relation.ReturnBefore
Calculation Relation.ReadFrom
Start Checking Cyclic, n=28906
Count: 28906 Size:28906
The Relation is Realtime-SI
Cost 24888 ms
History Status: [count=29122, okCount=28906, failCount=0, infoCount=216]
---------------------------------------------------------------------------------
Checking history for Realtime-SI at /home/young/Programs/Jepsen-Mongo-Txn/mongodb/store/mongodb wr replica-set w:majority time:180 timeout-txn:10 txn-len:8 r:majority tw:majority tr:snapshot partition/20211127T051443.000Z/history.edn
[INFO] History is valid
Calculation Relation.CommitBefore
Calculation Relation.ReturnBefore
Calculation Relation.ReadFrom
Start Checking Cyclic, n=31638
Count: 31638 Size:31638
The Relation is Realtime-SI
Cost 31050 ms
History Status: [count=31854, okCount=31638, failCount=0, infoCount=216]
---------------------------------------------------------------------------------
Checking history for Realtime-SI at /home/young/Programs/Jepsen-Mongo-Txn/mongodb/store/mongodb wr replica-set w:majority time:180 timeout-txn:10 txn-len:8 r:majority tw:majority tr:snapshot partition/20211127T051810.000Z/history.edn
[INFO] History is valid
Calculation Relation.CommitBefore
Calculation Relation.ReturnBefore
Calculation Relation.ReadFrom
Start Checking Cyclic, n=31334
Count: 31334 Size:31334
The Relation is Realtime-SI
Cost 30173 ms
History Status: [count=31550, okCount=31334, failCount=0, infoCount=216]
---------------------------------------------------------------------------------
Checking history for Realtime-SI at /home/young/Programs/Jepsen-Mongo-Txn/mongodb/store/mongodb wr replica-set w:majority time:180 timeout-txn:10 txn-len:8 r:majority tw:majority tr:snapshot partition/20211127T050750.000Z/history.edn
[INFO] History is valid
Calculation Relation.CommitBefore
Calculation Relation.ReturnBefore
Calculation Relation.ReadFrom
Start Checking Cyclic, n=29026
Count: 29026 Size:29026
The Relation is Realtime-SI
Cost 24887 ms
History Status: [count=29242, okCount=29026, failCount=0, infoCount=216]
---------------------------------------------------------------------------------
Checking history for Realtime-SI at /home/young/Programs/Jepsen-Mongo-Txn/mongodb/store/mongodb wr replica-set w:majority time:180 timeout-txn:10 txn-len:8 r:majority tw:majority tr:snapshot partition/20211127T051117.000Z/history.edn
[INFO] History is valid
Calculation Relation.CommitBefore
Calculation Relation.ReturnBefore
Calculation Relation.ReadFrom
Start Checking Cyclic, n=29240
Count: 29240 Size:29240
The Relation is Realtime-SI
Cost 25001 ms
History Status: [count=29456, okCount=29240, failCount=0, infoCount=216]
---------------------------------------------------------------------------------
Checking history for Session-SI at /home/young/Programs/Jepsen-Mongo-Txn/mongodb/store/mongodb wr sharded-cluster w:majority time:480 timeout-txn:30 txn-len:12 r:majority tw:majority tr:snapshot partition/20211127T115239.000Z/history.edn
Exceptions.HistoryInvalidException: [ERROR] writeTransactions.size() should equal to oplogHistory.logg.size()
	at History.MongoDB.MongoDBHistory.checkHistory(MongoDBHistory.java:34)
	at History.History.checkHistoryValid(History.java:97)
	at History.MongoDB.MongoDBHistory.<init>(MongoDBHistory.java:27)
	at History.MongoDB.MongoDBHistoryReader.readHistory(MongoDBHistoryReader.java:187)
	at MongoDBSIChecker.checkSI(MongoDBSIChecker.java:22)
	at MongoDBSIChecker.checkAll(MongoDBSIChecker.java:93)
	at MongoDBSIChecker.checkAll(MongoDBSIChecker.java:65)
	at MongoDBSIChecker.main(MongoDBSIChecker.java:134)
History Status: [count=10609, okCount=10609, failCount=0, infoCount=0]
---------------------------------------------------------------------------------
Checking history for Session-SI at /home/young/Programs/Jepsen-Mongo-Txn/mongodb/store/mongodb wr sharded-cluster w:majority time:480 timeout-txn:30 txn-len:12 r:majority tw:majority tr:snapshot partition/20211127T114348.000Z/history.edn
Exceptions.HistoryInvalidException: [ERROR] writeTransactions.size() should equal to oplogHistory.logg.size()
	at History.MongoDB.MongoDBHistory.checkHistory(MongoDBHistory.java:34)
	at History.History.checkHistoryValid(History.java:97)
	at History.MongoDB.MongoDBHistory.<init>(MongoDBHistory.java:27)
	at History.MongoDB.MongoDBHistoryReader.readHistory(MongoDBHistoryReader.java:187)
	at MongoDBSIChecker.checkSI(MongoDBSIChecker.java:22)
	at MongoDBSIChecker.checkAll(MongoDBSIChecker.java:93)
	at MongoDBSIChecker.checkAll(MongoDBSIChecker.java:65)
	at MongoDBSIChecker.main(MongoDBSIChecker.java:134)
History Status: [count=11267, okCount=11267, failCount=0, infoCount=0]
---------------------------------------------------------------------------------
Checking history for Session-SI at /home/young/Programs/Jepsen-Mongo-Txn/mongodb/store/mongodb wr sharded-cluster w:majority time:60 timeout-txn:30 txn-len:8 r:majority tw:majority tr:snapshot partition/20211127T095551.000Z/history.edn
[INFO] History is valid
Calculation Relation.CommitBefore
Calculation Relation.ReturnBefore
Calculation Relation.ReadFrom
Start Checking Cyclic, n=1851
Count: 1851 Size:1851
The Relation is Session-SI
Cost 98 ms
History Status: [count=1851, okCount=1851, failCount=0, infoCount=0]
---------------------------------------------------------------------------------
Checking history for Realtime-SI at /home/young/Programs/Jepsen-Mongo-Txn/mongodb/store/mongodb wr replica-set w:majority time:300 timeout-txn:10 txn-len:12 r:majority tw:majority tr:snapshot partition/20211127T094401.000Z/history.edn
[INFO] History is valid
Calculation Relation.CommitBefore
Calculation Relation.ReturnBefore
Calculation Relation.ReadFrom
Start Checking Cyclic, n=38712
Count: 38712 Size:38712
The Relation is Realtime-SI
Cost 53774 ms
History Status: [count=39072, okCount=38712, failCount=0, infoCount=360]
---------------------------------------------------------------------------------
Checking history for Realtime-SI at /home/young/Programs/Jepsen-Mongo-Txn/mongodb/store/mongodb wr replica-set w:majority time:300 timeout-txn:10 txn-len:12 r:majority tw:majority tr:snapshot partition/20211127T091047.000Z/history.edn
[INFO] History is valid
Calculation Relation.CommitBefore
Calculation Relation.ReturnBefore
Calculation Relation.ReadFrom
Start Checking Cyclic, n=37684
Count: 37684 Size:37684
The Relation is Realtime-SI
Cost 49070 ms
History Status: [count=38044, okCount=37684, failCount=0, infoCount=360]
---------------------------------------------------------------------------------
Checking history for Realtime-SI at /home/young/Programs/Jepsen-Mongo-Txn/mongodb/store/mongodb wr replica-set w:majority time:300 timeout-txn:10 txn-len:12 r:majority tw:majority tr:snapshot partition/20211127T094936.000Z/history.edn
[INFO] History is valid
Calculation Relation.CommitBefore
Calculation Relation.ReturnBefore
Calculation Relation.ReadFrom
Start Checking Cyclic, n=39599
Count: 39599 Size:39599
The Relation is Realtime-SI
Cost 56630 ms
History Status: [count=39959, okCount=39599, failCount=0, infoCount=360]
---------------------------------------------------------------------------------
Checking history for Realtime-SI at /home/young/Programs/Jepsen-Mongo-Txn/mongodb/store/mongodb wr replica-set w:majority time:300 timeout-txn:10 txn-len:12 r:majority tw:majority tr:snapshot partition/20211127T093258.000Z/history.edn
[INFO] History is valid
Calculation Relation.CommitBefore
Calculation Relation.ReturnBefore
Calculation Relation.ReadFrom
Start Checking Cyclic, n=38235
Count: 38235 Size:38235
The Relation is Realtime-SI
Cost 51852 ms
History Status: [count=38595, okCount=38235, failCount=0, infoCount=360]
---------------------------------------------------------------------------------
Checking history for Realtime-SI at /home/young/Programs/Jepsen-Mongo-Txn/mongodb/store/mongodb wr replica-set w:majority time:300 timeout-txn:10 txn-len:12 r:majority tw:majority tr:snapshot partition/20211127T085937.000Z/history.edn
[INFO] History is valid
Calculation Relation.CommitBefore
Calculation Relation.ReturnBefore
Calculation Relation.ReadFrom
Start Checking Cyclic, n=37199
Count: 37199 Size:37199
The Relation is Realtime-SI
Cost 47974 ms
History Status: [count=37559, okCount=37199, failCount=0, infoCount=360]
---------------------------------------------------------------------------------
Checking history for Realtime-SI at /home/young/Programs/Jepsen-Mongo-Txn/mongodb/store/mongodb wr replica-set w:majority time:300 timeout-txn:10 txn-len:12 r:majority tw:majority tr:snapshot partition/20211127T090512.000Z/history.edn
[INFO] History is valid
Calculation Relation.CommitBefore
Calculation Relation.ReturnBefore
Calculation Relation.ReadFrom
Start Checking Cyclic, n=39635
Count: 39635 Size:39635
The Relation is Realtime-SI
Cost 57080 ms
History Status: [count=39995, okCount=39635, failCount=0, infoCount=360]
---------------------------------------------------------------------------------
Checking history for Realtime-SI at /home/young/Programs/Jepsen-Mongo-Txn/mongodb/store/mongodb wr replica-set w:majority time:300 timeout-txn:10 txn-len:12 r:majority tw:majority tr:snapshot partition/20211127T093830.000Z/history.edn
[INFO] History is valid
Calculation Relation.CommitBefore
Calculation Relation.ReturnBefore
Calculation Relation.ReadFrom
Start Checking Cyclic, n=37274
Count: 37274 Size:37274
The Relation is Realtime-SI
Cost 48823 ms
History Status: [count=37634, okCount=37274, failCount=0, infoCount=360]
---------------------------------------------------------------------------------
Checking history for Realtime-SI at /home/young/Programs/Jepsen-Mongo-Txn/mongodb/store/mongodb wr replica-set w:majority time:300 timeout-txn:10 txn-len:12 r:majority tw:majority tr:snapshot partition/20211127T092724.000Z/history.edn
[INFO] History is valid
Calculation Relation.CommitBefore
Calculation Relation.ReturnBefore
Calculation Relation.ReadFrom
Start Checking Cyclic, n=37449
Count: 37449 Size:37449
The Relation is Realtime-SI
Cost 49181 ms
History Status: [count=37809, okCount=37449, failCount=0, infoCount=360]
---------------------------------------------------------------------------------
Checking history for Realtime-SI at /home/young/Programs/Jepsen-Mongo-Txn/mongodb/store/mongodb wr replica-set w:majority time:300 timeout-txn:10 txn-len:12 r:majority tw:majority tr:snapshot partition/20211127T092150.000Z/history.edn
[INFO] History is valid
Calculation Relation.CommitBefore
Calculation Relation.ReturnBefore
Calculation Relation.ReadFrom
Start Checking Cyclic, n=37006
Count: 37006 Size:37006
The Relation is Realtime-SI
Cost 47623 ms
History Status: [count=37366, okCount=37006, failCount=0, infoCount=360]
---------------------------------------------------------------------------------
Checking history for Realtime-SI at /home/young/Programs/Jepsen-Mongo-Txn/mongodb/store/mongodb wr replica-set w:majority time:300 timeout-txn:10 txn-len:12 r:majority tw:majority tr:snapshot partition/20211127T091618.000Z/history.edn
[INFO] History is valid
Calculation Relation.CommitBefore
Calculation Relation.ReturnBefore
Calculation Relation.ReadFrom
Start Checking Cyclic, n=37363
Count: 37363 Size:37363
The Relation is Realtime-SI
Cost 48363 ms
History Status: [count=37723, okCount=37363, failCount=0, infoCount=360]
---------------------------------------------------------------------------------
Checking history for Realtime-SI at /home/young/Programs/Jepsen-Mongo-Txn/mongodb/store/mongodb wr replica-set w:majority time:240 timeout-txn:10 txn-len:8 r:majority tw:majority tr:snapshot partition/20211127T055210.000Z/history.edn
[INFO] History is valid
Calculation Relation.CommitBefore
Calculation Relation.ReturnBefore
Calculation Relation.ReadFrom
Start Checking Cyclic, n=41820
Count: 41820 Size:41820
The Relation is Realtime-SI
Cost 66509 ms
History Status: [count=42108, okCount=41820, failCount=0, infoCount=288]
---------------------------------------------------------------------------------
Checking history for Realtime-SI at /home/young/Programs/Jepsen-Mongo-Txn/mongodb/store/mongodb wr replica-set w:majority time:240 timeout-txn:10 txn-len:8 r:majority tw:majority tr:snapshot partition/20211127T053407.000Z/history.edn
[INFO] History is valid
Calculation Relation.CommitBefore
Calculation Relation.ReturnBefore
Calculation Relation.ReadFrom
Start Checking Cyclic, n=39539
Count: 39539 Size:39539
The Relation is Realtime-SI
Cost 57857 ms
History Status: [count=39827, okCount=39539, failCount=0, infoCount=288]
---------------------------------------------------------------------------------
Checking history for Realtime-SI at /home/young/Programs/Jepsen-Mongo-Txn/mongodb/store/mongodb wr replica-set w:majority time:240 timeout-txn:10 txn-len:8 r:majority tw:majority tr:snapshot partition/20211127T060541.000Z/history.edn
[INFO] History is valid
Calculation Relation.CommitBefore
Calculation Relation.ReturnBefore
Calculation Relation.ReadFrom
Start Checking Cyclic, n=41715
Count: 41715 Size:41715
The Relation is Realtime-SI
Cost 64733 ms
History Status: [count=42003, okCount=41715, failCount=0, infoCount=288]
---------------------------------------------------------------------------------
Checking history for Realtime-SI at /home/young/Programs/Jepsen-Mongo-Txn/mongodb/store/mongodb wr replica-set w:majority time:240 timeout-txn:10 txn-len:8 r:majority tw:majority tr:snapshot partition/20211127T054309.000Z/history.edn
[INFO] History is valid
Calculation Relation.CommitBefore
Calculation Relation.ReturnBefore
Calculation Relation.ReadFrom
Start Checking Cyclic, n=40462
Count: 40462 Size:40462
The Relation is Realtime-SI
Cost 60644 ms
History Status: [count=40750, okCount=40462, failCount=0, infoCount=288]
---------------------------------------------------------------------------------
Checking history for Realtime-SI at /home/young/Programs/Jepsen-Mongo-Txn/mongodb/store/mongodb wr replica-set w:majority time:240 timeout-txn:10 txn-len:8 r:majority tw:majority tr:snapshot partition/20211127T052936.000Z/history.edn
[INFO] History is valid
Calculation Relation.CommitBefore
Calculation Relation.ReturnBefore
Calculation Relation.ReadFrom
Start Checking Cyclic, n=40356
Count: 40356 Size:40356
The Relation is Realtime-SI
Cost 59689 ms
History Status: [count=40644, okCount=40356, failCount=0, infoCount=288]
---------------------------------------------------------------------------------
Checking history for Realtime-SI at /home/young/Programs/Jepsen-Mongo-Txn/mongodb/store/mongodb wr replica-set w:majority time:240 timeout-txn:10 txn-len:8 r:majority tw:majority tr:snapshot partition/20211127T060112.000Z/history.edn
[INFO] History is valid
Calculation Relation.CommitBefore
Calculation Relation.ReturnBefore
Calculation Relation.ReadFrom
Start Checking Cyclic, n=39719
Count: 39719 Size:39719
The Relation is Realtime-SI
Cost 57965 ms
History Status: [count=40007, okCount=39719, failCount=0, infoCount=288]
---------------------------------------------------------------------------------
Checking history for Realtime-SI at /home/young/Programs/Jepsen-Mongo-Txn/mongodb/store/mongodb wr replica-set w:majority time:240 timeout-txn:10 txn-len:8 r:majority tw:majority tr:snapshot partition/20211127T052503.000Z/history.edn
[INFO] History is valid
Calculation Relation.CommitBefore
Calculation Relation.ReturnBefore
Calculation Relation.ReadFrom
Start Checking Cyclic, n=38822
Count: 38822 Size:38822
The Relation is Realtime-SI
Cost 54818 ms
History Status: [count=39110, okCount=38822, failCount=0, infoCount=288]
---------------------------------------------------------------------------------
Checking history for Realtime-SI at /home/young/Programs/Jepsen-Mongo-Txn/mongodb/store/mongodb wr replica-set w:majority time:240 timeout-txn:10 txn-len:8 r:majority tw:majority tr:snapshot partition/20211127T054739.000Z/history.edn
[INFO] History is valid
Calculation Relation.CommitBefore
Calculation Relation.ReturnBefore
Calculation Relation.ReadFrom
Start Checking Cyclic, n=41753
Count: 41753 Size:41753
The Relation is Realtime-SI
Cost 64793 ms
History Status: [count=42041, okCount=41753, failCount=0, infoCount=288]
---------------------------------------------------------------------------------
Checking history for Realtime-SI at /home/young/Programs/Jepsen-Mongo-Txn/mongodb/store/mongodb wr replica-set w:majority time:240 timeout-txn:10 txn-len:8 r:majority tw:majority tr:snapshot partition/20211127T053840.000Z/history.edn
[INFO] History is valid
Calculation Relation.CommitBefore
Calculation Relation.ReturnBefore
Calculation Relation.ReadFrom
Start Checking Cyclic, n=38380
Count: 38380 Size:38380
The Relation is Realtime-SI
Cost 53945 ms
History Status: [count=38668, okCount=38380, failCount=0, infoCount=288]
---------------------------------------------------------------------------------
Checking history for Realtime-SI at /home/young/Programs/Jepsen-Mongo-Txn/mongodb/store/mongodb wr replica-set w:majority time:240 timeout-txn:10 txn-len:8 r:majority tw:majority tr:snapshot partition/20211127T055641.000Z/history.edn
[INFO] History is valid
Calculation Relation.CommitBefore
Calculation Relation.ReturnBefore
Calculation Relation.ReadFrom
Start Checking Cyclic, n=40308
Count: 40308 Size:40308
The Relation is Realtime-SI
Cost 60108 ms
History Status: [count=40596, okCount=40308, failCount=0, infoCount=288]
---------------------------------------------------------------------------------
Checking history for Session-SI at /home/young/Programs/Jepsen-Mongo-Txn/mongodb/store/mongodb wr sharded-cluster w:majority time:300 timeout-txn:30 txn-len:12 r:majority tw:majority tr:snapshot partition/20211127T113750.000Z/history.edn
Exceptions.HistoryInvalidException: [ERROR] writeTransactions.size() should equal to oplogHistory.logg.size()
	at History.MongoDB.MongoDBHistory.checkHistory(MongoDBHistory.java:34)
	at History.History.checkHistoryValid(History.java:97)
	at History.MongoDB.MongoDBHistory.<init>(MongoDBHistory.java:27)
	at History.MongoDB.MongoDBHistoryReader.readHistory(MongoDBHistoryReader.java:187)
	at MongoDBSIChecker.checkSI(MongoDBSIChecker.java:22)
	at MongoDBSIChecker.checkAll(MongoDBSIChecker.java:93)
	at MongoDBSIChecker.checkAll(MongoDBSIChecker.java:65)
	at MongoDBSIChecker.main(MongoDBSIChecker.java:134)
History Status: [count=6718, okCount=6718, failCount=0, infoCount=0]
---------------------------------------------------------------------------------
Checking history for Session-SI at /home/young/Programs/Jepsen-Mongo-Txn/mongodb/store/mongodb wr sharded-cluster w:majority time:300 timeout-txn:30 txn-len:12 r:majority tw:majority tr:snapshot partition/20211127T113153.000Z/history.edn
[INFO] History is valid
Calculation Relation.CommitBefore
java.lang.NullPointerException
Calculation Relation.ReturnBefore
History Status: [count=6485, okCount=6485, failCount=0, infoCount=0]
---------------------------------------------------------------------------------
Checking history for Session-SI at /home/young/Programs/Jepsen-Mongo-Txn/mongodb/store/mongodb wr sharded-cluster w:majority time:480 timeout-txn:30 txn-len:8 r:majority tw:majority tr:snapshot partition/20211127T104842.000Z/history.edn
[INFO] History is valid
Calculation Relation.CommitBefore
java.lang.NullPointerException
Calculation Relation.ReturnBefore
History Status: [count=15387, okCount=15387, failCount=0, infoCount=0]
---------------------------------------------------------------------------------
Checking history for Session-SI at /home/young/Programs/Jepsen-Mongo-Txn/mongodb/store/mongodb wr sharded-cluster w:majority time:480 timeout-txn:30 txn-len:8 r:majority tw:majority tr:snapshot partition/20211127T103956.000Z/history.edn
Exceptions.HistoryInvalidException: [ERROR] writeTransactions.size() should equal to oplogHistory.logg.size()
	at History.MongoDB.MongoDBHistory.checkHistory(MongoDBHistory.java:34)
	at History.History.checkHistoryValid(History.java:97)
	at History.MongoDB.MongoDBHistory.<init>(MongoDBHistory.java:27)
	at History.MongoDB.MongoDBHistoryReader.readHistory(MongoDBHistoryReader.java:187)
	at MongoDBSIChecker.checkSI(MongoDBSIChecker.java:22)
	at MongoDBSIChecker.checkAll(MongoDBSIChecker.java:93)
	at MongoDBSIChecker.checkAll(MongoDBSIChecker.java:65)
	at MongoDBSIChecker.main(MongoDBSIChecker.java:134)
History Status: [count=15407, okCount=15407, failCount=0, infoCount=0]
---------------------------------------------------------------------------------
Checking history for Session-SI at /home/young/Programs/Jepsen-Mongo-Txn/mongodb/store/mongodb wr sharded-cluster w:majority time:180 timeout-txn:30 txn-len:12 r:majority tw:majority tr:snapshot partition/20211127T111656.000Z/history.edn
[INFO] History is valid
Calculation Relation.CommitBefore
Calculation Relation.ReturnBefore
Calculation Relation.ReadFrom
Start Checking Cyclic, n=4220
Count: 4220 Size:4220
The Relation is Session-SI
Cost 508 ms
History Status: [count=4220, okCount=4220, failCount=0, infoCount=0]
---------------------------------------------------------------------------------
Checking history for Session-SI at /home/young/Programs/Jepsen-Mongo-Txn/mongodb/store/mongodb wr sharded-cluster w:majority time:180 timeout-txn:30 txn-len:12 r:majority tw:majority tr:snapshot partition/20211127T110932.000Z/history.edn
[INFO] History is valid
Calculation Relation.CommitBefore
Calculation Relation.ReturnBefore
Calculation Relation.ReadFrom
Start Checking Cyclic, n=4118
Count: 4118 Size:4118
The Relation is Session-SI
Cost 481 ms
History Status: [count=4118, okCount=4118, failCount=0, infoCount=0]
---------------------------------------------------------------------------------
Checking history for Session-SI at /home/young/Programs/Jepsen-Mongo-Txn/mongodb/store/mongodb wr sharded-cluster w:majority time:180 timeout-txn:30 txn-len:12 r:majority tw:majority tr:snapshot partition/20211127T111317.000Z/history.edn
[INFO] History is valid
Calculation Relation.CommitBefore
Calculation Relation.ReturnBefore
Calculation Relation.ReadFrom
Start Checking Cyclic, n=4135
Count: 4135 Size:4135
The Relation is Session-SI
Cost 491 ms
History Status: [count=4135, okCount=4135, failCount=0, infoCount=0]
---------------------------------------------------------------------------------
Checking history for Realtime-SI at /home/young/Programs/Jepsen-Mongo-Txn/mongodb/store/mongodb wr replica-set w:majority time:300 timeout-txn:10 txn-len:8 r:majority tw:majority tr:snapshot partition/20211127T064904.000Z/history.edn
[INFO] History is valid
Calculation Relation.CommitBefore
Calculation Relation.ReturnBefore
Calculation Relation.ReadFrom
Start Checking Cyclic, n=47001
Count: 47001 Size:47001
The Relation is Realtime-SI
Cost 88260 ms
History Status: [count=47361, okCount=47001, failCount=0, infoCount=360]
---------------------------------------------------------------------------------
Checking history for Realtime-SI at /home/young/Programs/Jepsen-Mongo-Txn/mongodb/store/mongodb wr replica-set w:majority time:300 timeout-txn:10 txn-len:8 r:majority tw:majority tr:snapshot partition/20211127T070007.000Z/history.edn
[INFO] History is valid
Calculation Relation.CommitBefore
Calculation Relation.ReturnBefore
Calculation Relation.ReadFrom
Start Checking Cyclic, n=46836
Count: 46836 Size:46836
The Relation is Realtime-SI
Cost 92621 ms
History Status: [count=47196, okCount=46836, failCount=0, infoCount=360]
---------------------------------------------------------------------------------
Checking history for Realtime-SI at /home/young/Programs/Jepsen-Mongo-Txn/mongodb/store/mongodb wr replica-set w:majority time:300 timeout-txn:10 txn-len:8 r:majority tw:majority tr:snapshot partition/20211127T061547.000Z/history.edn
[INFO] History is valid
Calculation Relation.CommitBefore
Calculation Relation.ReturnBefore
Calculation Relation.ReadFrom
Start Checking Cyclic, n=47433
Count: 47433 Size:47433
The Relation is Realtime-SI
Cost 116264 ms
History Status: [count=47793, okCount=47433, failCount=0, infoCount=360]
---------------------------------------------------------------------------------
Checking history for Realtime-SI at /home/young/Programs/Jepsen-Mongo-Txn/mongodb/store/mongodb wr replica-set w:majority time:300 timeout-txn:10 txn-len:8 r:majority tw:majority tr:snapshot partition/20211127T061011.000Z/history.edn
[INFO] History is valid
Calculation Relation.CommitBefore
Calculation Relation.ReturnBefore
Calculation Relation.ReadFrom
Start Checking Cyclic, n=48730
Count: 48730 Size:48730
The Relation is Realtime-SI
Cost 93957 ms
History Status: [count=49090, okCount=48730, failCount=0, infoCount=360]
---------------------------------------------------------------------------------
Checking history for Realtime-SI at /home/young/Programs/Jepsen-Mongo-Txn/mongodb/store/mongodb wr replica-set w:majority time:300 timeout-txn:10 txn-len:8 r:majority tw:majority tr:snapshot partition/20211127T065435.000Z/history.edn
[INFO] History is valid
Calculation Relation.CommitBefore
Calculation Relation.ReturnBefore
Calculation Relation.ReadFrom
Start Checking Cyclic, n=47084
Count: 47084 Size:47084
The Relation is Realtime-SI
Cost 92016 ms
History Status: [count=47444, okCount=47084, failCount=0, infoCount=360]
---------------------------------------------------------------------------------
Checking history for Realtime-SI at /home/young/Programs/Jepsen-Mongo-Txn/mongodb/store/mongodb wr replica-set w:majority time:300 timeout-txn:10 txn-len:8 r:majority tw:majority tr:snapshot partition/20211127T063224.000Z/history.edn
[INFO] History is valid
Calculation Relation.CommitBefore
Calculation Relation.ReturnBefore
Calculation Relation.ReadFrom
Start Checking Cyclic, n=48695
Count: 48695 Size:48695
The Relation is Realtime-SI
Cost 96063 ms
History Status: [count=49055, okCount=48695, failCount=0, infoCount=360]
---------------------------------------------------------------------------------
Checking history for Realtime-SI at /home/young/Programs/Jepsen-Mongo-Txn/mongodb/store/mongodb wr replica-set w:majority time:300 timeout-txn:10 txn-len:8 r:majority tw:majority tr:snapshot partition/20211127T064330.000Z/history.edn
[INFO] History is valid
Calculation Relation.CommitBefore
Calculation Relation.ReturnBefore
Calculation Relation.ReadFrom
Start Checking Cyclic, n=50967
Count: 50967 Size:50967
The Relation is Realtime-SI
Cost 111650 ms
History Status: [count=51327, okCount=50967, failCount=0, infoCount=360]
---------------------------------------------------------------------------------
Checking history for Realtime-SI at /home/young/Programs/Jepsen-Mongo-Txn/mongodb/store/mongodb wr replica-set w:majority time:300 timeout-txn:10 txn-len:8 r:majority tw:majority tr:snapshot partition/20211127T063757.000Z/history.edn
[INFO] History is valid
Calculation Relation.CommitBefore
Calculation Relation.ReturnBefore
Calculation Relation.ReadFrom
Start Checking Cyclic, n=51712
Count: 51712 Size:51712
The Relation is Realtime-SI
Cost 113726 ms
History Status: [count=52072, okCount=51712, failCount=0, infoCount=360]
---------------------------------------------------------------------------------
Checking history for Realtime-SI at /home/young/Programs/Jepsen-Mongo-Txn/mongodb/store/mongodb wr replica-set w:majority time:300 timeout-txn:10 txn-len:8 r:majority tw:majority tr:snapshot partition/20211127T062653.000Z/history.edn
[INFO] History is valid
Calculation Relation.CommitBefore
Calculation Relation.ReturnBefore
Calculation Relation.ReadFrom
Start Checking Cyclic, n=47404
Count: 47404 Size:47404
The Relation is Realtime-SI
Cost 96112 ms
History Status: [count=47764, okCount=47404, failCount=0, infoCount=360]
---------------------------------------------------------------------------------
Checking history for Realtime-SI at /home/young/Programs/Jepsen-Mongo-Txn/mongodb/store/mongodb wr replica-set w:majority time:300 timeout-txn:10 txn-len:8 r:majority tw:majority tr:snapshot partition/20211127T062119.000Z/history.edn
[INFO] History is valid
Calculation Relation.CommitBefore
Calculation Relation.ReturnBefore
Calculation Relation.ReadFrom
Start Checking Cyclic, n=49635
Count: 49635 Size:49635
The Relation is Realtime-SI
Cost 106201 ms
History Status: [count=49995, okCount=49635, failCount=0, infoCount=360]

Process finished with exit code 0
